INFO:root:{'id': 'MLA843116615', 'title': 'Monitor Dell P2419h Led 24  Negro 100v/240v', 'category_id': 'MLA14407', 'name': 'Monitores'}
INFO:root:{'id': 'MLA663208480', 'title': 'Notebook Laptop Dell Inspiron I5 16g 256ssd Ubuntu Ram', 'category_id': 'MLA1652', 'name': 'Notebooks'}
INFO:root:{'id': 'MLA838441150', 'title': 'Servidor Poweredge Dell T40 Xeon E3-2224 16gb 1tb Hd Gtia', 'category_id': 'MLA1649', 'name': 'PC'}
INFO:root:{'id': 'MLA619999038', 'title': 'Ups Apc 550va 3 Tomas Gtia Oficial 2 Años Estabilizador Y Protector De Tension Con Ahorro De Energia', 'category_id': 'MLA1720', 'name': 'UPS'}
INFO:root:{'id': 'MLA763012088', 'title': 'Monitor Dell 24 Profesional P2419h 1080 60hz Vertical', 'category_id': 'MLA14407', 'name': 'Monitores'}
INFO:root:{'id': 'MLA870125549', 'title': 'Notebook Laptop Dell Inspiron I5 16g 256ssd + 1tb Ubuntu Ram', 'category_id': 'MLA1652', 'name': 'Notebooks'}
INFO:root:{'id': 'MLA896723362', 'title': 'Servidor Poweredge Dell T40 Xeon E3-2224 32gb 2tb Hd Gtia', 'category_id': 'MLA1649', 'name': 'PC'}
INFO:root:{'id': 'MLA614270244', 'title': 'Ups Apc 1000va Para Pc Gamer Simil Bx1100 Bv1000i-ar Estabilizador Y Protector De Tension Gtia Oficial 2 Años', 'category_id': 'MLA1720', 'name': 'UPS'}
INFO:root:{'id': 'MLA869670211', 'title': 'Cable Candado Seguridad Dell Noble Tz04t Lock Low Profile ', 'category_id': 'MLA82335', 'name': 'Otros'}
INFO:root:{'id': 'MLA663213659', 'title': 'Notebook Laptop Dell Vostro I5 8gb 1tb 14 Win 10pro Teclado Con Ñ Gtia De Tienda Oficial - Factura A / B', 'category_id': 'MLA1652', 'name': 'Notebooks'}
INFO:root:{'id': 'MLA609550688', 'title': 'Ups Apc Easy 500va Estabilizador Y Protector De Tension Con Ahorro De Energia Gtia Oficial 2 Años', 'category_id': 'MLA1720', 'name': 'UPS'}
INFO:root:{'id': 'MLA740540307', 'title': 'Servidor Poweredge Dell T40 Xeon E3-1225 8gb 1tb Hd Free Dos', 'category_id': 'MLA1649', 'name': 'PC'}
INFO:root:{'id': 'MLA685442693', 'title': 'Switch Cisco 24 Puertos Gigabit Rack 10/100/1000', 'category_id': 'MLA1708', 'name': 'Switches'}
INFO:root:{'id': 'MLA870125306', 'title': 'Notebook Laptop Dell Inspiron I5 32g 256ssd + 480ssd Ubuntu', 'category_id': 'MLA1652', 'name': 'Notebooks'}
INFO:root:{'id': 'MLA701423768', 'title': 'Switch Cisco 8 Puertos Port 10/100/1000 Giga Sg100 Oferta Para Hogar Y Empresa - Garantia Oficial - Factura A Y B', 'category_id': 'MLA1708', 'name': 'Switches'}
INFO:root:{'id': 'MLA723894205', 'title': 'Router Cisco Dual Wan Vpn Firewall Rv340-k9 Oferta Gtia Oficial - Factura A Y B', 'category_id': 'MLA430901', 'name': 'Routers'}
INFO:root:{'id': 'MLA609714711', 'title': 'Ups Apc Back-ups Pro 550va 230 Estabilizador Y Protector De Tensión Con Ahorro De Energia Gtia Oficial Br550', 'category_id': 'MLA1720', 'name': 'UPS'}
INFO:root:{'id': 'MLA665986505', 'title': 'Servidor Dell T140 Xeon E3-2124 16gb 2tb Reemplazo T130', 'category_id': 'MLA1649', 'name': 'PC'}
INFO:root:{'id': 'MLA677346308', 'title': 'Notebook Laptop Dell Inspiron I3 8gb 1tb 14 Ubuntu Teclado Con Ñ Gtia De Tienda Oficial - Factura A Y B Ram', 'category_id': 'MLA1652', 'name': 'Notebooks'}
INFO:root:{'id': 'MLA609116302', 'title': 'Ups Apc 1500va Con Ahorro De Energa Estabilizador Y Protector De Tension Gtia Oficial Ideal Para Uso Gamer', 'category_id': 'MLA1720', 'name': 'UPS'}
INFO:root:{'id': 'MLA696009826', 'title': 'Ups Apc 1000va Online Tower Gtia 2 Años', 'category_id': 'MLA1720', 'name': 'UPS'}
INFO:root:{'id': 'MLA830190937', 'title': 'Notebook Lapto Dell I3 16gb 1tb + Ssd 480gb Win10 Oferta', 'category_id': 'MLA1652', 'name': 'Notebooks'}
INFO:root:{'id': 'MLA862050665', 'title': 'Servidor Poweredge Dell T40 Intel E3-2224 16gb 1tb Hd Cuotas', 'category_id': 'MLA1649', 'name': 'PC'}
INFO:root:{'id': 'MLA614718493', 'title': 'Ups Apc Bx1100ci Para Tv, Play, Audio, 6 Tomas Estabilizador', 'category_id': 'MLA1720', 'name': 'UPS'}
INFO:root:{'id': 'MLA806652269', 'title': 'Monitor Dell 27 Profesional P2719h 1080 60hz Vertical Fhd', 'category_id': 'MLA14407', 'name': 'Monitores'}
INFO:root:{'id': 'MLA814166024', 'title': 'Notebook Dell Inspiron I7 256ssd 8gb 15.6 W10 Gforce Oferta', 'category_id': 'MLA1652', 'name': 'Notebooks'}
INFO:root:{'id': 'MLA800415301', 'title': 'Servidor Dell T140 Xeon E3-2124 16gb 2tb Reemplazo T130', 'category_id': 'MLA1649', 'name': 'PC'}
INFO:root:{'id': 'MLA833705652', 'title': 'Notebook Laptop Dell Inspiron I5 10g 16g 256gb Win10 Ram', 'category_id': 'MLA1652', 'name': 'Notebooks'}
INFO:root:{'id': 'MLA685442543', 'title': 'Switch Cisco Sg110-24 24 Puertos Gigabit Rack (ex. Sg100-24)', 'category_id': 'MLA1708', 'name': 'Switches'}
INFO:root:{'id': 'MLA671611113', 'title': 'Ups Apc Br1200g Ar 1200va Estabilizador Br1200 Gtia 2 Años', 'category_id': 'MLA1720', 'name': 'UPS'}
INFO:root:{'id': 'MLA814217735', 'title': 'Servidor Dell T140 Xeon E3-2124 32gb 4tb Reemplazo T130', 'category_id': 'MLA1649', 'name': 'PC'}
INFO:root:{'id': 'MLA673321805', 'title': 'Ups Apc 1500va Estabilizador Y Protector De Tension - Alto Rendimiento Para Pc De Hogar Y Oficina Gtia 2años', 'category_id': 'MLA1720', 'name': 'UPS'}
INFO:root:{'id': 'MLA837801073', 'title': 'Notebook Laptop Dell Inspiron I3 8gb 1tb + 480 Ssd Win 10', 'category_id': 'MLA1652', 'name': 'Notebooks'}
INFO:root:{'id': 'MLA896718634', 'title': 'Servidor Poweredge Dell T40 Xeon E3-2224 16gb 2tb Hd Gtia', 'category_id': 'MLA1649', 'name': 'PC'}
INFO:root:{'id': 'MLA790641629', 'title': 'Monitor Dell 24 Profesional P2419h - Modelo Nuevo! Ex-p2417h', 'category_id': 'MLA14407', 'name': 'Monitores'}
INFO:root:{'id': 'MLA678685394', 'title': 'Notebook Dell I3 8gb 1tb + 240ssd 14 Win10 Ram Oferta', 'category_id': 'MLA1652', 'name': 'Notebooks'}
INFO:root:{'id': 'MLA839633052', 'title': 'Ups Apc Easy Bv500i-ar 500va Bv500 Gtia Oficial 2 Años', 'category_id': 'MLA1720', 'name': 'UPS'}
INFO:root:{'id': 'MLA685428555', 'title': 'Switch Cisco 16 Puertos Port 10/100/1000 Rack (ex Sg100-16) Para Hogar Y Empresa - Garantia Oficial - Factura A Y B', 'category_id': 'MLA1708', 'name': 'Switches'}
INFO:root:{'id': 'MLA833393643', 'title': 'Notebook Laptop Dell Inspiron I5 10g 8g 256gb Ubuntu Oferta', 'category_id': 'MLA1652', 'name': 'Notebooks'}
INFO:root:{'id': 'MLA604317175', 'title': 'Ups Apc 800va 6 Tomas Estabilizador Y Protector De Tension Gtia Oficial De 2 Años Para Gamer Bx800 Para Tv, Play', 'category_id': 'MLA1720', 'name': 'UPS'}
INFO:root:{'id': 'MLA794967384', 'title': 'Ups Apc 800va 6t Estabilizador Y Protector Apc', 'category_id': 'MLA1720', 'name': 'UPS'}
INFO:root:{'id': 'MLA870135010', 'title': 'Notebook Laptot Dell I3 16gb 1tb Win10 Oferta ', 'category_id': 'MLA1652', 'name': 'Notebooks'}
INFO:root:{'id': 'MLA795525764', 'title': 'Ups Apc Easy Bv650i-ar 650va Gtia Oficial 2 Años Bv650', 'category_id': 'MLA1720', 'name': 'UPS'}
INFO:root:{'id': 'MLA806656370', 'title': 'Router Wifi Linksys Ea6100 Dualband Usb 3.0 Control Parental', 'category_id': 'MLA430901', 'name': 'Routers'}
INFO:root:{'id': 'MLA837789459', 'title': 'Notebook Laptot Dell I3 16gb 1tb Win10 Oferta ', 'category_id': 'MLA1652', 'name': 'Notebooks'}
INFO:root:{'id': 'MLA640303035', 'title': 'Ups Apc Br1500g 1500va Estabilizador  Gtia 2 Años Br1500g-ar', 'category_id': 'MLA1720', 'name': 'UPS'}
INFO:root:{'id': 'MLA835614791', 'title': 'Sf250-48-k9-ar Switch 48p Cisco Sf250-48 10/100 Rack', 'category_id': 'MLA1708', 'name': 'Switches'}
INFO:root:{'id': 'MLA701426348', 'title': 'Notebook Laptop I3 Dell Inspiron 8gb 1tb 14  Win 10 Teclado Con Ñ Gtia De Tienda Oficial - Factura A Y B Gamer', 'category_id': 'MLA1652', 'name': 'Notebooks'}
INFO:root:{'id': 'MLA614716924', 'title': 'Ups Apc Br550g-ar Back-ups Pro 550va 230 Estabilizador Br550', 'category_id': 'MLA1720', 'name': 'UPS'}
INFO:root:{'id': 'MLA696010903', 'title': 'Ups Apc Src2ki-ar 2000va Online Tower Src2ki', 'category_id': 'MLA1720', 'name': 'UPS'}
